2025-02-22 08:46:41,515 - __main__ - INFO - Starting bot in polling mode...
2025-02-22 08:46:42,386 - httpx - INFO - HTTP Request: POST https://api.telegram.org/bot7752367540:AAEQfg4cZToslNJ9OOK4mYdLLRgNoW8fDU8/getMe "HTTP/1.1 200 OK"
2025-02-22 08:46:42,588 - httpx - INFO - HTTP Request: POST https://api.telegram.org/bot7752367540:AAEQfg4cZToslNJ9OOK4mYdLLRgNoW8fDU8/deleteWebhook "HTTP/1.1 200 OK"
2025-02-22 08:46:42,590 - telegram.ext.Application - INFO - Application started
2025-02-22 08:47:13,493 - httpx - INFO - HTTP Request: POST https://api.telegram.org/bot7752367540:AAEQfg4cZToslNJ9OOK4mYdLLRgNoW8fDU8/getUpdates "HTTP/1.1 200 OK"
2025-02-22 08:47:44,733 - httpx - INFO - HTTP Request: POST https://api.telegram.org/bot7752367540:AAEQfg4cZToslNJ9OOK4mYdLLRgNoW8fDU8/getUpdates "HTTP/1.1 200 OK"
2025-02-22 08:48:15,956 - httpx - INFO - HTTP Request: POST https://api.telegram.org/bot7752367540:AAEQfg4cZToslNJ9OOK4mYdLLRgNoW8fDU8/getUpdates "HTTP/1.1 200 OK"
2025-02-22 08:48:47,177 - httpx - INFO - HTTP Request: POST https://api.telegram.org/bot7752367540:AAEQfg4cZToslNJ9OOK4mYdLLRgNoW8fDU8/getUpdates "HTTP/1.1 200 OK"
2025-02-22 08:49:15,091 - httpx - INFO - HTTP Request: POST https://api.telegram.org/bot7752367540:AAEQfg4cZToslNJ9OOK4mYdLLRgNoW8fDU8/getUpdates "HTTP/1.1 200 OK"
2025-02-22 08:49:46,327 - httpx - INFO - HTTP Request: POST https://api.telegram.org/bot7752367540:AAEQfg4cZToslNJ9OOK4mYdLLRgNoW8fDU8/getUpdates "HTTP/1.1 200 OK"
2025-02-22 08:49:47,548 - httpx - INFO - HTTP Request: POST https://api.telegram.org/bot7752367540:AAEQfg4cZToslNJ9OOK4mYdLLRgNoW8fDU8/getUpdates "HTTP/1.1 200 OK"
2025-02-22 08:49:55,721 - httpx - INFO - HTTP Request: POST https://api.telegram.org/bot7752367540:AAEQfg4cZToslNJ9OOK4mYdLLRgNoW8fDU8/getUpdates "HTTP/1.1 200 OK"
2025-02-22 08:50:01,716 - httpx - INFO - HTTP Request: POST https://api.telegram.org/bot7752367540:AAEQfg4cZToslNJ9OOK4mYdLLRgNoW8fDU8/getUpdates "HTTP/1.1 200 OK"
2025-02-22 08:50:32,959 - httpx - INFO - HTTP Request: POST https://api.telegram.org/bot7752367540:AAEQfg4cZToslNJ9OOK4mYdLLRgNoW8fDU8/getUpdates "HTTP/1.1 200 OK"
2025-02-22 08:50:43,033 - httpx - INFO - HTTP Request: POST https://api.telegram.org/bot7752367540:AAEQfg4cZToslNJ9OOK4mYdLLRgNoW8fDU8/getUpdates "HTTP/1.1 200 OK"
2025-02-22 08:51:14,251 - httpx - INFO - HTTP Request: POST https://api.telegram.org/bot7752367540:AAEQfg4cZToslNJ9OOK4mYdLLRgNoW8fDU8/getUpdates "HTTP/1.1 200 OK"
2025-02-22 08:51:45,475 - httpx - INFO - HTTP Request: POST https://api.telegram.org/bot7752367540:AAEQfg4cZToslNJ9OOK4mYdLLRgNoW8fDU8/getUpdates "HTTP/1.1 200 OK"
2025-02-22 08:52:16,698 - httpx - INFO - HTTP Request: POST https://api.telegram.org/bot7752367540:AAEQfg4cZToslNJ9OOK4mYdLLRgNoW8fDU8/getUpdates "HTTP/1.1 200 OK"
2025-02-22 08:52:47,911 - httpx - INFO - HTTP Request: POST https://api.telegram.org/bot7752367540:AAEQfg4cZToslNJ9OOK4mYdLLRgNoW8fDU8/getUpdates "HTTP/1.1 200 OK"
2025-02-22 08:53:19,132 - httpx - INFO - HTTP Request: POST https://api.telegram.org/bot7752367540:AAEQfg4cZToslNJ9OOK4mYdLLRgNoW8fDU8/getUpdates "HTTP/1.1 200 OK"
2025-02-22 08:53:50,356 - httpx - INFO - HTTP Request: POST https://api.telegram.org/bot7752367540:AAEQfg4cZToslNJ9OOK4mYdLLRgNoW8fDU8/getUpdates "HTTP/1.1 200 OK"
2025-02-22 08:54:21,575 - httpx - INFO - HTTP Request: POST https://api.telegram.org/bot7752367540:AAEQfg4cZToslNJ9OOK4mYdLLRgNoW8fDU8/getUpdates "HTTP/1.1 200 OK"
2025-02-22 08:54:52,792 - httpx - INFO - HTTP Request: POST https://api.telegram.org/bot7752367540:AAEQfg4cZToslNJ9OOK4mYdLLRgNoW8fDU8/getUpdates "HTTP/1.1 200 OK"
2025-02-22 08:55:24,033 - httpx - INFO - HTTP Request: POST https://api.telegram.org/bot7752367540:AAEQfg4cZToslNJ9OOK4mYdLLRgNoW8fDU8/getUpdates "HTTP/1.1 200 OK"
2025-02-22 08:55:55,251 - httpx - INFO - HTTP Request: POST https://api.telegram.org/bot7752367540:AAEQfg4cZToslNJ9OOK4mYdLLRgNoW8fDU8/getUpdates "HTTP/1.1 200 OK"
2025-02-22 08:56:26,473 - httpx - INFO - HTTP Request: POST https://api.telegram.org/bot7752367540:AAEQfg4cZToslNJ9OOK4mYdLLRgNoW8fDU8/getUpdates "HTTP/1.1 200 OK"
2025-02-22 08:56:27,713 - httpx - INFO - HTTP Request: POST https://api.telegram.org/bot7752367540:AAEQfg4cZToslNJ9OOK4mYdLLRgNoW8fDU8/getUpdates "HTTP/1.1 200 OK"
2025-02-22 09:02:42,070 - __main__ - INFO - Starting bot in polling mode...
2025-02-22 09:02:46,966 - httpx - INFO - HTTP Request: POST https://api.telegram.org/bot7752367540:AAHXfq2xa6KpvrLFAOm0qherh7sgIrGH13w/getMe "HTTP/1.1 200 OK"
2025-02-22 09:02:47,229 - httpx - INFO - HTTP Request: POST https://api.telegram.org/bot7752367540:AAHXfq2xa6KpvrLFAOm0qherh7sgIrGH13w/deleteWebhook "HTTP/1.1 200 OK"
2025-02-22 09:02:47,231 - telegram.ext.Application - INFO - Application started
2025-02-22 09:02:50,293 - httpx - INFO - HTTP Request: POST https://api.telegram.org/bot7752367540:AAHXfq2xa6KpvrLFAOm0qherh7sgIrGH13w/getUpdates "HTTP/1.1 200 OK"
2025-02-22 09:03:21,520 - httpx - INFO - HTTP Request: POST https://api.telegram.org/bot7752367540:AAHXfq2xa6KpvrLFAOm0qherh7sgIrGH13w/getUpdates "HTTP/1.1 200 OK"
2025-02-22 09:03:36,083 - httpx - INFO - HTTP Request: POST https://api.telegram.org/bot7752367540:AAHXfq2xa6KpvrLFAOm0qherh7sgIrGH13w/getUpdates "HTTP/1.1 200 OK"
2025-02-22 09:04:07,299 - httpx - INFO - HTTP Request: POST https://api.telegram.org/bot7752367540:AAHXfq2xa6KpvrLFAOm0qherh7sgIrGH13w/getUpdates "HTTP/1.1 200 OK"
2025-02-22 09:04:38,523 - httpx - INFO - HTTP Request: POST https://api.telegram.org/bot7752367540:AAHXfq2xa6KpvrLFAOm0qherh7sgIrGH13w/getUpdates "HTTP/1.1 200 OK"
2025-02-22 09:05:09,745 - httpx - INFO - HTTP Request: POST https://api.telegram.org/bot7752367540:AAHXfq2xa6KpvrLFAOm0qherh7sgIrGH13w/getUpdates "HTTP/1.1 200 OK"
2025-02-22 09:05:40,968 - httpx - INFO - HTTP Request: POST https://api.telegram.org/bot7752367540:AAHXfq2xa6KpvrLFAOm0qherh7sgIrGH13w/getUpdates "HTTP/1.1 200 OK"
